<?xml version="1.0" encoding="UTF-8"?>
<!-- Generated by org.testng.reporters.JUnitReportReporter -->
<testsuite hostname="JITUMANI" failures="0" tests="1" name="testCases.TC002_LoginTest" time="1.809" errors="0" timestamp="2024-09-27T00:36:53 IST" skipped="0">
  <testcase classname="testCases.TC002_LoginTest" name="verify_login" time="1.809"/>
</testsuite> <!-- testCases.TC002_LoginTest -->
